# JRE version: OpenJDK Runtime Environment Microsoft-8035246 (17.0.8+7) (build 17.0.8+7-LTS)
# Java VM: OpenJDK 64-Bit Server VM Microsoft-8035246 (17.0.8+7-LTS, mixed mode, sharing, tiered, compressed oops, compressed class ptrs, g1 gc, windows-amd64)
GC Precious Log:
 CPUs: 12 total, 12 available
 Memory: 15679M
 Large Page Support: Disabled
 NUMA Support: Disabled
 Compressed Oops: Enabled (32-bit)
 Heap Region Size: 1M
 Heap Min Capacity: 8M
 Heap Initial Capacity: 246M
 Heap Max Capacity: 2G
 Pre-touch: Disabled
 Parallel Workers: 10
 Concurrent Workers: 3
 Concurrent Refinement Workers: 10
 Periodic GC: Disabled
Heap:
 garbage-first heap   total 268288K, used 209097K [0x0000000080000000, 0x0000000100000000)
  region size 1024K, 5 young (5120K), 2 survivors (2048K)
 Metaspace       used 105173K, committed 106368K, reserved 557056K
  class space    used 14436K, committed 14976K, reserved 425984K
GC Heap History (20 events):
Event: 51.590 GC heap before
{Heap before GC invocations=50 (full 0):
 garbage-first heap   total 223232K, used 192926K [0x0000000080000000, 0x0000000100000000)
  region size 1024K, 13 young (13312K), 2 survivors (2048K)
 Metaspace       used 100867K, committed 101952K, reserved 557056K
  class space    used 13888K, committed 14400K, reserved 425984K
}
Event: 51.593 GC heap after
{Heap after GC invocations=51 (full 0):
 garbage-first heap   total 223232K, used 182833K [0x0000000080000000, 0x0000000100000000)
  region size 1024K, 2 young (2048K), 2 survivors (2048K)
 Metaspace       used 100867K, committed 101952K, reserved 557056K
  class space    used 13888K, committed 14400K, reserved 425984K
}
Event: 51.692 GC heap before
{Heap before GC invocations=51 (full 0):
 garbage-first heap   total 223232K, used 193073K [0x0000000080000000, 0x0000000100000000)
  region size 1024K, 12 young (12288K), 2 survivors (2048K)
 Metaspace       used 100903K, committed 102016K, reserved 557056K
  class space    used 13888K, committed 14400K, reserved 425984K
}
Event: 51.695 GC heap after
{Heap after GC invocations=52 (full 0):
 garbage-first heap   total 223232K, used 184448K [0x0000000080000000, 0x0000000100000000)
  region size 1024K, 2 young (2048K), 2 survivors (2048K)
 Metaspace       used 100903K, committed 102016K, reserved 557056K
  class space    used 13888K, committed 14400K, reserved 425984K
}
Event: 51.806 GC heap before
{Heap before GC invocations=52 (full 0):
 garbage-first heap   total 223232K, used 193664K [0x0000000080000000, 0x0000000100000000)
  region size 1024K, 12 young (12288K), 2 survivors (2048K)
 Metaspace       used 100926K, committed 102016K, reserved 557056K
  class space    used 13888K, committed 14400K, reserved 425984K
}
Event: 51.809 GC heap after
{Heap after GC invocations=53 (full 0):
 garbage-first heap   total 268288K, used 185896K [0x0000000080000000, 0x0000000100000000)
  region size 1024K, 2 young (2048K), 2 survivors (2048K)
 Metaspace       used 100926K, committed 102016K, reserved 557056K
  class space    used 13888K, committed 14400K, reserved 425984K
}
Event: 52.225 GC heap before
{Heap before GC invocations=53 (full 0):
 garbage-first heap   total 268288K, used 223784K [0x0000000080000000, 0x0000000100000000)
  region size 1024K, 39 young (39936K), 2 survivors (2048K)
 Metaspace       used 101287K, committed 102464K, reserved 557056K
  class space    used 13925K, committed 14464K, reserved 425984K
}
Event: 52.229 GC heap after
{Heap after GC invocations=54 (full 0):
 garbage-first heap   total 268288K, used 190760K [0x0000000080000000, 0x0000000100000000)
  region size 1024K, 5 young (5120K), 5 survivors (5120K)
 Metaspace       used 101287K, committed 102464K, reserved 557056K
  class space    used 13925K, committed 14464K, reserved 425984K
}
Event: 52.743 GC heap before
{Heap before GC invocations=54 (full 0):
 garbage-first heap   total 268288K, used 225576K [0x0000000080000000, 0x0000000100000000)
  region size 1024K, 39 young (39936K), 5 survivors (5120K)
 Metaspace       used 103394K, committed 104576K, reserved 557056K
  class space    used 14166K, committed 14720K, reserved 425984K
}
Event: 52.749 GC heap after
{Heap after GC invocations=55 (full 0):
 garbage-first heap   total 268288K, used 194455K [0x0000000080000000, 0x0000000100000000)
  region size 1024K, 4 young (4096K), 4 survivors (4096K)
 Metaspace       used 103394K, committed 104576K, reserved 557056K
  class space    used 14166K, committed 14720K, reserved 425984K
}
Event: 52.941 GC heap before
{Heap before GC invocations=55 (full 0):
 garbage-first heap   total 268288K, used 227223K [0x0000000080000000, 0x0000000100000000)
  region size 1024K, 36 young (36864K), 4 survivors (4096K)
 Metaspace       used 103589K, committed 104768K, reserved 557056K
  class space    used 14191K, committed 14720K, reserved 425984K
}
Event: 52.946 GC heap after
{Heap after GC invocations=56 (full 0):
 garbage-first heap   total 268288K, used 197482K [0x0000000080000000, 0x0000000100000000)
  region size 1024K, 3 young (3072K), 3 survivors (3072K)
 Metaspace       used 103589K, committed 104768K, reserved 557056K
  class space    used 14191K, committed 14720K, reserved 425984K
}
Event: 53.263 GC heap before
{Heap before GC invocations=56 (full 0):
 garbage-first heap   total 268288K, used 228202K [0x0000000080000000, 0x0000000100000000)
  region size 1024K, 34 young (34816K), 3 survivors (3072K)
 Metaspace       used 104423K, committed 105664K, reserved 557056K
  class space    used 14362K, committed 14912K, reserved 425984K
}
Event: 53.268 GC heap after
{Heap after GC invocations=57 (full 0):
 garbage-first heap   total 268288K, used 200145K [0x0000000080000000, 0x0000000100000000)
  region size 1024K, 3 young (3072K), 3 survivors (3072K)
 Metaspace       used 104423K, committed 105664K, reserved 557056K
  class space    used 14362K, committed 14912K, reserved 425984K
}
Event: 53.492 GC heap before
{Heap before GC invocations=57 (full 0):
 garbage-first heap   total 268288K, used 228817K [0x0000000080000000, 0x0000000100000000)
  region size 1024K, 32 young (32768K), 3 survivors (3072K)
 Metaspace       used 104633K, committed 105856K, reserved 557056K
  class space    used 14366K, committed 14912K, reserved 425984K
}
Event: 53.495 GC heap after
{Heap after GC invocations=58 (full 0):
 garbage-first heap   total 268288K, used 201503K [0x0000000080000000, 0x0000000100000000)
  region size 1024K, 2 young (2048K), 2 survivors (2048K)
 Metaspace       used 104633K, committed 105856K, reserved 557056K
  class space    used 14366K, committed 14912K, reserved 425984K
}
Event: 53.977 GC heap before
{Heap before GC invocations=58 (full 0):
 garbage-first heap   total 268288K, used 231199K [0x0000000080000000, 0x0000000100000000)
  region size 1024K, 31 young (31744K), 2 survivors (2048K)
 Metaspace       used 105168K, committed 106368K, reserved 557056K
  class space    used 14436K, committed 14976K, reserved 425984K
}
Event: 53.981 GC heap after
{Heap after GC invocations=59 (full 0):
 garbage-first heap   total 268288K, used 205537K [0x0000000080000000, 0x0000000100000000)
  region size 1024K, 4 young (4096K), 4 survivors (4096K)
 Metaspace       used 105168K, committed 106368K, reserved 557056K
  class space    used 14436K, committed 14976K, reserved 425984K
}
Event: 54.266 GC heap before
{Heap before GC invocations=59 (full 0):
 garbage-first heap   total 268288K, used 230113K [0x0000000080000000, 0x0000000100000000)
  region size 1024K, 29 young (29696K), 4 survivors (4096K)
 Metaspace       used 105171K, committed 106368K, reserved 557056K
  class space    used 14436K, committed 14976K, reserved 425984K
}
Event: 54.269 GC heap after
{Heap after GC invocations=60 (full 0):
 garbage-first heap   total 268288K, used 207049K [0x0000000080000000, 0x0000000100000000)
  region size 1024K, 2 young (2048K), 2 survivors (2048K)
 Metaspace       used 105171K, committed 106368K, reserved 557056K
  class space    used 14436K, committed 14976K, reserved 425984K
}

